Build started 3/18/2014 10:39:33 PM.
     1>Project "C:\Users\Mark\Documents\Visual Studio 2012\Projects\grphcmn\grphcmn\grphcmn.vcxproj" on node 2 (Build target(s)).
     1>InitializeBuildStatus:
         Creating "Debug\grphcmn.unsuccessfulbuild" because "AlwaysCreate" was specified.
       ClCompile:
         C:\Program Files (x86)\Microsoft Visual Studio 11.0\VC\bin\CL.exe /c /ZI /nologo /W3 /WX- /Od /Oy- /D WIN32 /D _DEBUG /D _LIB /D _UNICODE /D UNICODE /Gm /EHsc /RTC1 /MDd /GS /fp:precise /Zc:wchar_t /Zc:forScope /Fo"Debug\\" /Fd"Debug\vc110.pdb" /Gd /TP /analyze- /errorReport:prompt tTextureManager.cpp
         tTextureManager.cpp
     1>c:\users\mark\documents\visual studio 2012\projects\grphcmn\grphcmn\ttexturemanager.cpp(33): warning C4996: 'fopen': This function or variable may be unsafe. Consider using fopen_s instead. To disable deprecation, use _CRT_SECURE_NO_WARNINGS. See online help for details.
                 c:\program files (x86)\microsoft visual studio 11.0\vc\include\stdio.h(218) : see declaration of 'fopen'
       Lib:
         C:\Program Files (x86)\Microsoft Visual Studio 11.0\VC\bin\Lib.exe /OUT:"C:\Users\Mark\Documents\Visual Studio 2012\Projects\Demoz\Debug\grphcmn.lib" /NOLOGO Debug\tCamera.obj
         Debug\tGameClock.obj
         Debug\tGeometry.obj
         Debug\tGraphicsController.obj
         Debug\tInputController.obj
         Debug\tMesh.obj
         Debug\tMeshReader.obj
         Debug\tProgramManager.obj
         Debug\tQuat.obj
         Debug\tTextureManager.obj
         Debug\Utility.obj
         grphcmn.vcxproj -> C:\Users\Mark\Documents\Visual Studio 2012\Projects\Demoz\Debug\grphcmn.lib
       FinalizeBuildStatus:
         Deleting file "Debug\grphcmn.unsuccessfulbuild".
         Touching "Debug\grphcmn.lastbuildstate".
     1>Done Building Project "C:\Users\Mark\Documents\Visual Studio 2012\Projects\grphcmn\grphcmn\grphcmn.vcxproj" (Build target(s)).

Build succeeded.

Time Elapsed 00:00:02.86
