C:\USERS\MARK\DOCUMENTS\VISUAL STUDIO 2012\PROJECTS\GRPHCMN\GRPHCMN\DEBUG\TCAMERA.OBJ
C:\USERS\MARK\DOCUMENTS\VISUAL STUDIO 2012\PROJECTS\GRPHCMN\GRPHCMN\DEBUG\TGAMECLOCK.OBJ
C:\USERS\MARK\DOCUMENTS\VISUAL STUDIO 2012\PROJECTS\GRPHCMN\GRPHCMN\DEBUG\TGEOMETRY.OBJ
C:\USERS\MARK\DOCUMENTS\VISUAL STUDIO 2012\PROJECTS\GRPHCMN\GRPHCMN\DEBUG\TGRAPHICSCONTROLLER.OBJ
C:\USERS\MARK\DOCUMENTS\VISUAL STUDIO 2012\PROJECTS\GRPHCMN\GRPHCMN\DEBUG\TINPUTCONTROLLER.OBJ
C:\USERS\MARK\DOCUMENTS\VISUAL STUDIO 2012\PROJECTS\GRPHCMN\GRPHCMN\DEBUG\TMESH.OBJ
C:\USERS\MARK\DOCUMENTS\VISUAL STUDIO 2012\PROJECTS\GRPHCMN\GRPHCMN\DEBUG\TMESHREADER.OBJ
C:\USERS\MARK\DOCUMENTS\VISUAL STUDIO 2012\PROJECTS\GRPHCMN\GRPHCMN\DEBUG\TPROGRAMMANAGER.OBJ
C:\USERS\MARK\DOCUMENTS\VISUAL STUDIO 2012\PROJECTS\GRPHCMN\GRPHCMN\DEBUG\TQUAT.OBJ
C:\USERS\MARK\DOCUMENTS\VISUAL STUDIO 2012\PROJECTS\GRPHCMN\GRPHCMN\DEBUG\UTILITY.OBJ
C:\USERS\MARK\DOCUMENTS\VISUAL STUDIO 2012\PROJECTS\GRPHCMN\GRPHCMN\DEBUG\VC110.PDB
C:\USERS\MARK\DOCUMENTS\VISUAL STUDIO 2012\PROJECTS\GRPHCMN\GRPHCMN\DEBUG\TTEXTUREMANAGER.OBJ
C:\USERS\MARK\DOCUMENTS\VISUAL STUDIO 2012\PROJECTS\GRPHCMN\GRPHCMN\DEBUG\TMODETOGGLER.OBJ
C:\USERS\MARK\DOCUMENTS\VISUAL STUDIO 2012\PROJECTS\GRPHCMN\GRPHCMN\DEBUG\TOCTREE.OBJ
C:\USERS\MARK\DOCUMENTS\VISUAL STUDIO 2012\PROJECTS\DEMOZ\DEBUG\GRPHCMN.LIB
C:\Users\Mark\Documents\Visual Studio 2012\Projects\grphcmn\grphcmn\Debug\tCamera.obj
C:\Users\Mark\Documents\Visual Studio 2012\Projects\grphcmn\grphcmn\Debug\tGameClock.obj
C:\Users\Mark\Documents\Visual Studio 2012\Projects\grphcmn\grphcmn\Debug\tGeometry.obj
C:\Users\Mark\Documents\Visual Studio 2012\Projects\grphcmn\grphcmn\Debug\tGraphicsController.obj
C:\Users\Mark\Documents\Visual Studio 2012\Projects\grphcmn\grphcmn\Debug\tInputController.obj
C:\Users\Mark\Documents\Visual Studio 2012\Projects\grphcmn\grphcmn\Debug\tMesh.obj
C:\Users\Mark\Documents\Visual Studio 2012\Projects\grphcmn\grphcmn\Debug\tMeshReader.obj
C:\Users\Mark\Documents\Visual Studio 2012\Projects\grphcmn\grphcmn\Debug\tModeToggler.obj
C:\Users\Mark\Documents\Visual Studio 2012\Projects\grphcmn\grphcmn\Debug\tOctree.obj
C:\Users\Mark\Documents\Visual Studio 2012\Projects\grphcmn\grphcmn\Debug\tProgramManager.obj
C:\Users\Mark\Documents\Visual Studio 2012\Projects\grphcmn\grphcmn\Debug\tQuat.obj
C:\Users\Mark\Documents\Visual Studio 2012\Projects\grphcmn\grphcmn\Debug\tTextureManager.obj
C:\Users\Mark\Documents\Visual Studio 2012\Projects\grphcmn\grphcmn\Debug\Utility.obj
C:\Users\Mark\Documents\Visual Studio 2012\Projects\grphcmn\grphcmn\Debug\cl.command.1.tlog
C:\Users\Mark\Documents\Visual Studio 2012\Projects\grphcmn\grphcmn\Debug\CL.read.1.tlog
C:\Users\Mark\Documents\Visual Studio 2012\Projects\grphcmn\grphcmn\Debug\CL.write.1.tlog
C:\Users\Mark\Documents\Visual Studio 2012\Projects\grphcmn\grphcmn\Debug\Lib-link.read.1.tlog
C:\Users\Mark\Documents\Visual Studio 2012\Projects\grphcmn\grphcmn\Debug\Lib-link.write.1.tlog
C:\Users\Mark\Documents\Visual Studio 2012\Projects\grphcmn\grphcmn\Debug\lib.command.1.tlog
C:\Users\Mark\Documents\Visual Studio 2012\Projects\grphcmn\grphcmn\Debug\vc110.idb
C:\Users\Mark\Documents\Visual Studio 2012\Projects\grphcmn\grphcmn\Debug\vc110.pdb
C:\Users\Mark\Documents\Visual Studio 2012\Projects\Demoz\Debug\grphcmn.lib
